<?xml version="1.0" encoding="UTF-8"?>
<!-- Generated by org.testng.reporters.JUnitReportReporter -->
<testsuite hostname="Soft" name="Academy.E2EProject.homePage" tests="2" failures="0" timestamp="6 Oct 2019 07:17:17 GMT" time="54.895" errors="0">
  <testcase name="homepage" time="26.121" classname="Academy.E2EProject.homePage"/>
  <testcase name="homepage" time="28.774" classname="Academy.E2EProject.homePage"/>
</testsuite> <!-- Academy.E2EProject.homePage -->
